1629524284.9898257: root: System failed to opened in time: Warn
1630317136.0284266: ubuntu: Execution prevented by : Critical
1616709207.1673834: wheel: Download failed: Critical
1611541291.641782: vbox: failed to open: Info
1640816538.3215609: vbox: Execution prevented by : Debug
1643356239.3590019: ubuntu: Execution prevented by : Critical
1639124922.8275821: ubuntu: Execution prevented by : Warn
1642555077.0889487: arty: failed to open: Critical
1616031761.9662192: syslog: Taking too long: Fatal
1639734204.90666: syslog: Download failed: Info
1615772924.128444: root: Execution prevented by OS: Warn
1607582524.087929: root: incomplete information error: Debug
1646464744.7638164: wheel: Execution prevented by : Debug
1623476606.5800695: vbox: Taking too long: Warn
1616170286.1732814: syslog: kernel error: Debug
1611896453.2233405: root: Taking too long: Warn
1617469410.5076003: wheel: Taking too long: Debug
1610756277.5294664: wheel: Incorrect permissions: Warn
1638649665.7801113: vbox: kernel error: Critical
1613055481.098651: syslog: kernel error: Info
1613493122.8487325: root: Execution prevented by OS: Warn
1632819809.855867: syslog: incomplete information error: Debug
1613770484.3612072: ubuntu: failed to open: Info
1607720499.3066754: root: launched incorrectly: Fatal
1626665742.676308: vbox: opened without user code: Info
1622132333.0624292: wheel: failed to open: Warn
1640839062.993308: wheel: kernel error: Critical
1608668928.6192324: ubuntu: Incorrect permissions: Info
1609654482.358806: root: opened without user code: Info
1642429604.2409043: arty: Execution prevented by OS: Critical
1619630332.0896828: wheel: failed to open: Fatal
1646026291.6865015: arty: opened without user code: Debug
1632093544.4659183: arty: incomplete information error: Warn
1623877319.7453713: root: incomplete information error: Fatal
1624595195.6872492: syslog: failed to open: Info
1637075283.1694858: arty: Download failed: Warn
1633250842.5960999: ubuntu: Download failed: Warn
1632814826.9433632: arty: Execution prevented by OS: Info
1611486024.0943005: syslog: opened without user code: Debug
1638238869.9205902: vbox: Download failed: Debug
1618383027.270496: arty: Download failed: Critical
1641066591.6917434: vbox: executed with incorrect code: Critical
1635866713.9184008: wheel: Execution prevented by : Fatal
1630789881.5365672: root: Execution prevented by OS: Critical
1629588534.0704398: arty: Taking too long: Warn
1633260880.2900944: syslog: Execution prevented by : Warn
1617337885.1692853: vbox: Incorrect permissions: Fatal
1621226494.0876164: ubuntu: opened without user code: Fatal
1634534623.5159802: arty: Incorrect permissions: Critical
1613581314.3704343: vbox: executed with incorrect code: Critical
1625756196.309608: arty: Execution prevented by : Info
1631327764.1473038: ubuntu: failed to open: Warn
1629480479.440166: syslog: Download failed: Debug
1610900759.0460587: wheel: Download failed: Debug
1614997439.9431198: wheel: Execution prevented by OS: Info
1631463659.0621943: arty: Incorrect permissions: Info
1624276487.9869323: root: kernel error: Fatal
1642170262.7765656: wheel: failed to open: Info
1611420228.1209493: arty: launched incorrectly: Debug
1637917709.982395: syslog: System failed to opened in time: Fatal
1618395016.6231227: syslog: incomplete information error: Fatal
1622225470.8932664: syslog: executed with incorrect code: Critical
1612858039.6872363: syslog: kernel error: Warn
1618129131.5533547: syslog: Execution prevented by OS: Critical
1623989362.1647263: ubuntu: Download failed: Info
1621558103.0646791: syslog: Execution prevented by : Warn
1640991872.7235281: root: System failed to opened in time: Debug
1621988312.457175: ubuntu: Incorrect permissions: Critical
1642378922.9367805: vbox: Download failed: Info
1615218977.9434903: vbox: Download failed: Fatal
1643369307.3143163: wheel: executed with incorrect code: Info
1643755255.694959: root: kernel error: Info
1634980980.7829778: vbox: executed with incorrect code: Warn
1610449240.4794044: syslog: Download failed: Debug
1646526902.2000723: ubuntu: executed with incorrect code: Fatal
1642112073.3810928: syslog: opened without user code: Fatal
1627987602.4194388: ubuntu: Execution prevented by : Info
1643120764.1438057: ubuntu: Incorrect permissions: Debug
1620620240.4610865: vbox: kernel error: Fatal
1634955056.3269916: wheel: kernel error: Debug
1627969521.9692683: wheel: opened without user code: Critical
1612952938.9874747: syslog: opened without user code: Warn
1610340187.4408574: ubuntu: Execution prevented by OS: Fatal
1638051479.8101892: vbox: executed with incorrect code: Warn
1636446937.6452634: root: opened without user code: Critical
1620861895.2343495: vbox: System failed to opened in time: Fatal
1620049606.0959845: root: Execution prevented by OS: Info
1642216776.9974878: syslog: launched incorrectly: Info
1640270764.3273103: syslog: kernel error: Debug
1635509846.1215084: vbox: Execution prevented by : Critical
1629009900.7432857: ubuntu: kernel error: Info
1620117833.4633646: root: launched incorrectly: Warn
1620303456.0929844: syslog: incomplete information error: Critical
1633843874.5267246: wheel: executed with incorrect code: Critical
1626142845.7632277: ubuntu: Taking too long: Fatal
1638441465.405784: root: Execution prevented by OS: Info
1644165764.7766435: wheel: Taking too long: Debug
1619617193.052559: arty: Execution prevented by : Critical
1621929988.9338796: arty: Execution prevented by OS: Critical
1642301296.5499737: syslog: executed with incorrect code: Warn
1612550356.4726481: arty: System failed to opened in time: Warn
1622282004.7359786: syslog: incomplete information error: Warn
1632758779.1319463: vbox: Execution prevented by : Warn
1611845166.3782067: vbox: executed with incorrect code: Debug
1623454486.158207: arty: Execution prevented by OS: Critical
1633676236.0297182: syslog: executed with incorrect code: Info
1619393628.0623105: ubuntu: Incorrect permissions: Critical
1626844661.409496: root: executed with incorrect code: Fatal
1621076421.0146036: wheel: Taking too long: Debug
1617039845.9985979: vbox: System failed to opened in time: Warn
1609213381.671419: arty: failed to open: Info
1611234937.0497048: vbox: Execution prevented by OS: Debug
1641406627.9070363: ubuntu: incomplete information error: Info
1617975449.0957582: wheel: Incorrect permissions: Warn
1636568579.634304: syslog: Execution prevented by OS: Critical
1646258511.2931387: wheel: System failed to opened in time: Critical
1620108994.1304128: arty: incomplete information error: Debug
1641521879.722706: syslog: executed with incorrect code: Warn
1626333780.6818597: ubuntu: kernel error: Warn
1630609408.1188707: arty: incomplete information error: Info
1618203077.175415: arty: opened without user code: Critical
1624439670.949929: wheel: Execution prevented by OS: Critical
1623713134.8988764: root: Execution prevented by : Critical
1617328071.9611833: syslog: System failed to opened in time: Debug
1637921955.9931326: syslog: Download failed: Fatal
1623440485.6417701: vbox: Execution prevented by : Warn
1632063864.2849596: syslog: kernel error: Fatal
1615749638.26573: root: Incorrect permissions: Warn
1644245053.6365368: arty: failed to open: Info
1609568395.4367583: syslog: Download failed: Warn
1610149164.249318: vbox: Taking too long: Fatal
1628265081.325274: arty: Execution prevented by : Critical
1619097087.6272871: wheel: failed to open: Info
1622901672.6756852: ubuntu: opened without user code: Debug
1625020476.1379836: wheel: Incorrect permissions: Fatal
1613918407.2414813: vbox: Taking too long: Warn
1633076398.705486: arty: Execution prevented by OS: Info
1623442049.4234421: syslog: opened without user code: Warn
1613286071.6341832: syslog: launched incorrectly: Warn
1628011094.1178095: arty: executed with incorrect code: Fatal
1611981198.9138377: wheel: Execution prevented by : Warn
1633242888.780357: syslog: incomplete information error: Info
1636386806.3369699: root: System failed to opened in time: Info
1614446420.379202: syslog: Incorrect permissions: Fatal
1636496531.4540565: root: Execution prevented by OS: Info
1621731852.55943: wheel: incomplete information error: Critical
1634135646.0102916: vbox: Taking too long: Warn
1638838970.3362033: syslog: Download failed: Warn
1641210788.1327677: arty: Execution prevented by OS: Fatal
1631586470.1383052: wheel: Taking too long: Fatal
1613191785.34836: vbox: Download failed: Warn
1627597091.1552334: syslog: Download failed: Critical
1630531013.356281: vbox: failed to open: Info
1617398277.0053916: syslog: System failed to opened in time: Fatal
1609982198.5554981: arty: incomplete information error: Debug
1632840273.976368: syslog: launched incorrectly: Critical
1638056389.2376535: wheel: opened without user code: Debug
1619759433.3201444: root: Execution prevented by OS: Fatal
1609513918.8113534: vbox: failed to open: Warn
1638016870.6610334: ubuntu: Incorrect permissions: Critical
1621367579.9952724: ubuntu: System failed to opened in time: Fatal
1639235356.6894326: root: Execution prevented by : Info
1622647018.4764237: syslog: launched incorrectly: Critical
1626028776.1442318: wheel: failed to open: Fatal
1610238215.4764106: vbox: System failed to opened in time: Fatal
1635334834.7763238: ubuntu: failed to open: Warn
1623413719.247785: ubuntu: Download failed: Warn
1635141880.1718206: syslog: Taking too long: Fatal
1608423136.6272721: wheel: failed to open: Warn
1611010522.158436: syslog: Execution prevented by OS: Warn
1613178207.3659952: syslog: incomplete information error: Critical
1624810687.4206748: arty: executed with incorrect code: Critical
1621635978.694431: wheel: Taking too long: Debug
1644692345.9829283: ubuntu: failed to open: Critical
1635270113.0452812: ubuntu: Download failed: Critical
1631461729.8436344: root: opened without user code: Info
1636777244.006179: vbox: Execution prevented by OS: Critical
1640822089.5940614: wheel: executed with incorrect code: Info
1607869076.248463: arty: Execution prevented by OS: Info
1632830107.3282902: wheel: incomplete information error: Fatal
1614423627.8254876: root: launched incorrectly: Debug
1622946750.165275: ubuntu: Execution prevented by : Debug
1610593261.4442658: vbox: failed to open: Info
1626771336.5229523: root: incomplete information error: Info
1616754216.721512: arty: launched incorrectly: Critical
1620704511.5001204: arty: executed with incorrect code: Info
1607417124.0153394: syslog: System failed to opened in time: Info
1611556407.2493415: root: incomplete information error: Critical
1639806653.8727992: vbox: executed with incorrect code: Warn
1641634968.6939719: wheel: executed with incorrect code: Info
1619871684.6434746: root: Execution prevented by : Debug
1622230109.529483: arty: kernel error: Debug
1629307962.6901896: syslog: kernel error: Critical
1611293161.5157712: syslog: launched incorrectly: Fatal
1625102932.7147036: root: Taking too long: Fatal
1612683048.1607664: ubuntu: incomplete information error: Fatal
1607230067.991058: arty: incomplete information error: Fatal
1620153324.4343915: ubuntu: kernel error: Info
1634968106.805483: vbox: kernel error: Fatal
1645115092.211394: root: Execution prevented by : Info
