1622333059.452162: syslog: System failed to opened in time: Critical
1636872619.9712486: root: opened without user code: Critical
1639678496.9874384: vbox: Execution prevented by OS: Critical
1630005344.950764: ubuntu: executed with incorrect code: Critical
1612834537.8494868: arty: launched incorrectly: Critical
1618764825.111278: vbox: Taking too long: Critical
1630610445.6905298: root: Incorrect permissions: Fatal
1631317249.9731684: syslog: launched incorrectly: Critical
1645654383.6406422: root: failed to open: Info
1611858686.0076454: wheel: launched incorrectly: Warn
1628751664.253403: wheel: System failed to opened in time: Warn
1642028963.6570954: ubuntu: kernel error: Fatal
1631832083.0683243: wheel: launched incorrectly: Fatal
1634264089.0077412: vbox: Download failed: Fatal
1619647796.3694236: wheel: Execution prevented by OS: Debug
1626633434.8860812: syslog: failed to open: Info
1608474197.4879932: arty: opened without user code: Critical
1612284710.4451683: arty: executed with incorrect code: Fatal
1623297820.6481779: root: Download failed: Warn
1622977345.1711106: wheel: Incorrect permissions: Info
1611291240.2761207: ubuntu: Execution prevented by : Critical
1609630967.286755: syslog: Taking too long: Info
1631893168.4298851: arty: System failed to opened in time: Info
1631055422.3274562: ubuntu: Download failed: Fatal
1612471561.155708: arty: launched incorrectly: Debug
1617028119.138904: arty: incomplete information error: Warn
1611681013.0244231: arty: Incorrect permissions: Fatal
1618600317.2385957: root: kernel error: Info
1625529921.6729777: root: Taking too long: Info
1624692040.8363829: root: kernel error: Debug
1621259686.0332587: root: incomplete information error: Debug
1607847246.4076502: wheel: opened without user code: Warn
1617285233.359689: arty: Execution prevented by : Fatal
1629596110.7335114: arty: failed to open: Info
1646606380.8776271: root: opened without user code: Warn
1614692990.8453393: root: Taking too long: Critical
1619218181.0554872: wheel: opened without user code: Debug
1617812323.2698817: ubuntu: opened without user code: Warn
1608871672.3107772: root: kernel error: Critical
1625746698.6323285: syslog: Execution prevented by : Critical
1610403038.9138188: arty: launched incorrectly: Critical
1622342265.4041283: root: Execution prevented by OS: Debug
1615925365.3080933: vbox: Execution prevented by OS: Critical
1621063021.1251428: syslog: Execution prevented by : Debug
1619543986.0986207: vbox: kernel error: Debug
1624143984.9516058: root: Taking too long: Info
1618600237.5673163: ubuntu: Download failed: Info
1644995588.410316: wheel: Download failed: Info
1616408359.559698: vbox: Incorrect permissions: Fatal
1610143504.2491827: arty: Taking too long: Debug
1637971807.1542234: vbox: System failed to opened in time: Fatal
1614170618.393673: vbox: Taking too long: Warn
1632214877.2898517: root: Execution prevented by : Critical
1642747033.2096984: root: failed to open: Debug
1610547741.7234461: arty: incomplete information error: Info
1618659638.2766788: arty: Download failed: Info
1609519666.5090957: ubuntu: executed with incorrect code: Info
1626552376.9167104: syslog: executed with incorrect code: Warn
1637366354.5111957: ubuntu: System failed to opened in time: Critical
1628384074.0620878: vbox: Download failed: Warn
1606994084.306129: vbox: Download failed: Info
1613394941.1486719: arty: kernel error: Info
1634560705.3384752: wheel: kernel error: Warn
1642721372.9238226: ubuntu: Taking too long: Info
1612483649.454331: syslog: opened without user code: Warn
1642141665.684184: root: launched incorrectly: Critical
1612932712.7505167: root: Execution prevented by : Debug
1617147836.3497589: vbox: Taking too long: Debug
1642582280.3146858: syslog: Download failed: Info
1606821981.8945723: wheel: System failed to opened in time: Fatal
1631667279.9073172: wheel: Taking too long: Fatal
1619693749.4236498: ubuntu: executed with incorrect code: Info
1611546182.5121546: wheel: Taking too long: Warn
1642170223.8435657: root: kernel error: Warn
1633506546.2098627: root: Incorrect permissions: Fatal
1641616837.4516697: syslog: Taking too long: Warn
1612378510.528654: syslog: Taking too long: Warn
1616965256.2431605: syslog: Execution prevented by OS: Warn
1619333726.592654: root: failed to open: Debug
1619374781.3844132: syslog: kernel error: Fatal
1634706817.7407908: root: Download failed: Debug
1624224759.4322512: root: Taking too long: Info
1639022083.4593222: vbox: failed to open: Info
1643176229.2972136: wheel: kernel error: Critical
1646514541.9316535: arty: kernel error: Debug
1634429615.2256413: wheel: Download failed: Warn
1615307695.3249345: root: executed with incorrect code: Fatal
1644306482.299749: wheel: failed to open: Fatal
1614017016.562901: vbox: launched incorrectly: Debug
1641566101.7849686: syslog: Execution prevented by OS: Fatal
1639273310.1723824: vbox: Execution prevented by OS: Info
1638023508.493124: root: Download failed: Critical
1617277054.712119: wheel: opened without user code: Info
1638923894.1511555: root: executed with incorrect code: Debug
1638760715.2811706: arty: launched incorrectly: Debug
1622306834.3779628: ubuntu: incomplete information error: Info
1644701876.3640058: syslog: opened without user code: Fatal
1636878605.7307472: syslog: failed to open: Warn
1641710904.474783: ubuntu: kernel error: Debug
1635235615.9784317: root: incomplete information error: Fatal
1625031825.364492: wheel: Execution prevented by : Warn
1641501000.856387: wheel: executed with incorrect code: Critical
1613999300.0524771: ubuntu: kernel error: Fatal
1631405062.7556512: wheel: incomplete information error: Warn
1634639412.2962358: syslog: incomplete information error: Warn
1609730126.312314: root: executed with incorrect code: Critical
1634329988.1946878: syslog: System failed to opened in time: Warn
1618381523.3974047: wheel: launched incorrectly: Info
1616712030.7840292: syslog: System failed to opened in time: Debug
1609343411.8935673: ubuntu: kernel error: Warn
1620371312.5082242: wheel: Download failed: Warn
1645556222.177935: ubuntu: launched incorrectly: Warn
1623701190.9426885: wheel: kernel error: Fatal
1609482909.662807: vbox: opened without user code: Info
1620255470.3213403: vbox: launched incorrectly: Debug
1631146226.5510871: wheel: Taking too long: Info
1637558054.1513212: ubuntu: Taking too long: Critical
1632677257.7025414: arty: launched incorrectly: Info
1625417750.551244: wheel: Incorrect permissions: Warn
1638430513.479289: root: opened without user code: Critical
1618801635.6966922: vbox: Execution prevented by : Critical
1621201738.220583: ubuntu: opened without user code: Fatal
1617461377.947297: arty: failed to open: Debug
1613347151.84159: arty: Taking too long: Warn
1609423862.2148316: root: System failed to opened in time: Info
1616979480.8901277: arty: Incorrect permissions: Info
1608709242.6202862: vbox: Download failed: Warn
1633257633.313263: ubuntu: Execution prevented by : Debug
1616511405.986413: ubuntu: incomplete information error: Debug
1630617802.476605: syslog: failed to open: Debug
1621595675.7509022: arty: failed to open: Critical
1637001990.9129968: vbox: executed with incorrect code: Critical
1630437417.5358908: ubuntu: Incorrect permissions: Fatal
1641356445.623768: vbox: Download failed: Fatal
1617098224.69638: syslog: Taking too long: Info
1644413754.4404202: syslog: incomplete information error: Critical
1625415682.3196685: wheel: Incorrect permissions: Warn
1614830318.796981: arty: Execution prevented by : Critical
1633773906.4924395: ubuntu: Download failed: Debug
1630424052.9117272: wheel: Execution prevented by : Debug
1626585205.018277: ubuntu: opened without user code: Critical
1617263520.8807666: ubuntu: Download failed: Fatal
1630408510.371499: wheel: kernel error: Debug
1644532462.0904918: root: opened without user code: Info
1628367693.5568383: ubuntu: Execution prevented by : Warn
1637057367.5208666: syslog: Download failed: Critical
1612463602.9646747: ubuntu: kernel error: Fatal
1633632566.020686: vbox: failed to open: Critical
1615372680.741754: ubuntu: launched incorrectly: Critical
1644632393.9408393: vbox: Execution prevented by : Critical
1641194075.1256626: arty: incomplete information error: Info
1638021093.3169825: ubuntu: Download failed: Fatal
1635168949.0679684: wheel: opened without user code: Fatal
1619597940.189447: syslog: Taking too long: Debug
1629705392.9797907: ubuntu: Taking too long: Critical
1632891739.5082612: vbox: executed with incorrect code: Critical
1640680925.50408: wheel: incomplete information error: Debug
1614484366.222121: arty: Taking too long: Debug
1627509289.823189: syslog: Execution prevented by : Debug
1637404869.4811842: root: Taking too long: Fatal
1635931297.7883701: arty: incomplete information error: Critical
1640518475.5254757: syslog: System failed to opened in time: Info
1610800113.7679603: wheel: kernel error: Info
1636761381.7810276: ubuntu: Taking too long: Debug
1635548504.2028673: root: Execution prevented by OS: Critical
1643014762.25834: wheel: Incorrect permissions: Debug
1642518750.1129704: syslog: Taking too long: Warn
1630447805.7674937: wheel: incomplete information error: Info
1632002191.2295685: vbox: Download failed: Info
1644354599.8623307: root: Taking too long: Debug
1646054044.1653585: vbox: kernel error: Info
1611294471.956865: vbox: Execution prevented by OS: Fatal
1613029605.153501: syslog: System failed to opened in time: Debug
1615465258.0183747: root: executed with incorrect code: Critical
1635293911.2673502: root: launched incorrectly: Warn
1615486407.1756053: wheel: System failed to opened in time: Fatal
1627978669.4191506: arty: Download failed: Debug
1633552298.3444781: arty: opened without user code: Critical
1609369303.5488632: vbox: Taking too long: Fatal
1631676449.5210044: syslog: Download failed: Info
1629038797.7238934: arty: launched incorrectly: Critical
1638868596.588681: wheel: launched incorrectly: Debug
1626900979.1116312: vbox: Taking too long: Warn
1645430192.686667: arty: failed to open: Debug
1607768207.7673593: root: Download failed: Fatal
1613093441.806851: vbox: Taking too long: Info
1625440738.1045353: syslog: failed to open: Critical
1611545625.2236652: syslog: opened without user code: Critical
1622995459.1416981: syslog: launched incorrectly: Critical
1631223615.4625242: arty: failed to open: Info
1637905723.503041: root: Download failed: Fatal
1631297351.327035: ubuntu: failed to open: Info
1633563551.3129423: vbox: System failed to opened in time: Critical
1639577702.986585: root: opened without user code: Warn
1623876795.2307653: ubuntu: Incorrect permissions: Critical
1632557678.3222582: arty: Taking too long: Debug
1631964860.730973: ubuntu: Taking too long: Critical
1618388515.5167737: syslog: opened without user code: Debug
1625120914.1919928: vbox: Incorrect permissions: Debug
1639350935.9791646: syslog: Download failed: Info
