1619220106.6379654: arty: System failed to opened in time: Info
1615112877.4434805: vbox: opened without user code: Warn
1636703120.0582678: arty: launched incorrectly: Fatal
1620543828.390768: syslog: opened without user code: Critical
1645273360.0467849: ubuntu: executed with incorrect code: Debug
1610720653.4981236: root: Download failed: Warn
1636416531.4629827: ubuntu: opened without user code: Debug
1608247593.9415348: root: Execution prevented by OS: Info
1632303885.0938456: syslog: kernel error: Fatal
1622547524.4294326: syslog: opened without user code: Critical
1619888883.4422004: root: Execution prevented by OS: Debug
1612087461.8708735: arty: Taking too long: Fatal
1644576404.778078: vbox: System failed to opened in time: Info
1608976583.0599399: wheel: kernel error: Critical
1618802319.6212406: ubuntu: System failed to opened in time: Fatal
1630524238.422101: root: executed with incorrect code: Debug
1635000389.0362322: ubuntu: Execution prevented by OS: Warn
1643171843.8036857: arty: launched incorrectly: Debug
1638201723.9781964: root: executed with incorrect code: Fatal
1622605098.2559004: root: Incorrect permissions: Fatal
1640261281.433681: vbox: launched incorrectly: Info
1607163381.5918639: ubuntu: Incorrect permissions: Info
1633745535.1445649: root: opened without user code: Debug
1645731140.2830634: root: Incorrect permissions: Critical
1613192234.9241886: root: kernel error: Info
1627698680.8072264: root: launched incorrectly: Info
1616393261.9097338: syslog: incomplete information error: Critical
1622492594.0072784: wheel: executed with incorrect code: Info
1614679838.7697282: arty: Download failed: Debug
1618569724.792865: wheel: incomplete information error: Critical
1611535186.9340537: vbox: Download failed: Debug
1609234971.172641: ubuntu: Execution prevented by OS: Warn
1640647135.1774235: syslog: opened without user code: Info
1617803745.905883: ubuntu: launched incorrectly: Critical
1625623800.5346916: syslog: System failed to opened in time: Fatal
1632185953.648458: arty: Execution prevented by : Info
1623381459.5146658: wheel: opened without user code: Debug
1630941701.495354: ubuntu: Execution prevented by : Critical
1626600418.0864635: wheel: opened without user code: Info
1621326615.4148507: root: Taking too long: Critical
1639629617.8896697: ubuntu: Incorrect permissions: Critical
1643239553.4534938: arty: Download failed: Info
1628124968.7622101: arty: Execution prevented by : Fatal
1639760397.4365842: root: System failed to opened in time: Debug
1608962187.3344796: arty: executed with incorrect code: Debug
1624766718.6175017: syslog: executed with incorrect code: Critical
1638780461.3759215: root: System failed to opened in time: Debug
1637446751.0735524: syslog: Download failed: Warn
1644485694.371196: root: Taking too long: Critical
1641062027.4588244: root: incomplete information error: Info
1634974046.3572588: syslog: Incorrect permissions: Info
1609925734.5845306: vbox: Taking too long: Fatal
1640080742.3268409: vbox: Download failed: Fatal
1607302419.5195112: arty: kernel error: Critical
1634400430.8395708: root: Download failed: Warn
1613697799.0142124: root: Execution prevented by OS: Fatal
1634881833.3852952: syslog: launched incorrectly: Critical
1635617965.991225: root: opened without user code: Info
1630022091.623608: syslog: Execution prevented by OS: Warn
1637064085.955067: root: incomplete information error: Fatal
1618593274.6981404: ubuntu: launched incorrectly: Info
1642376678.262051: syslog: Taking too long: Critical
1642522992.001751: syslog: Taking too long: Debug
1634091758.709198: vbox: failed to open: Info
1621646740.7476156: vbox: Execution prevented by OS: Critical
1618649985.1341634: vbox: Incorrect permissions: Debug
1612755392.8074574: arty: Execution prevented by : Debug
1617668608.2095635: ubuntu: opened without user code: Debug
1623089834.6015704: wheel: kernel error: Info
1641115512.395507: ubuntu: Taking too long: Fatal
1626150701.7401226: root: failed to open: Critical
1642155884.654417: ubuntu: System failed to opened in time: Info
1616319098.3388429: arty: failed to open: Debug
1624590425.4234936: wheel: Execution prevented by OS: Warn
1636629549.4962313: root: failed to open: Debug
1612639625.5585895: ubuntu: Download failed: Info
1640372054.6637037: arty: Download failed: Info
1636680813.8061767: wheel: failed to open: Info
1638336001.3860135: root: failed to open: Info
1635058532.3166454: arty: launched incorrectly: Critical
1629831179.160072: arty: launched incorrectly: Warn
1623198034.9549034: wheel: failed to open: Fatal
1625171850.9981868: wheel: opened without user code: Fatal
1639210223.7249665: vbox: executed with incorrect code: Info
1633944498.7832537: ubuntu: Incorrect permissions: Info
1637009850.2757435: arty: executed with incorrect code: Debug
1644059249.0920496: root: Taking too long: Warn
1633479566.7509346: wheel: Download failed: Info
1622319684.380137: wheel: executed with incorrect code: Warn
1610016350.4097006: root: Execution prevented by OS: Debug
1644964088.0747607: root: Download failed: Info
1639374269.699415: root: incomplete information error: Warn
1636691410.5623214: vbox: Incorrect permissions: Fatal
1613114253.3273666: arty: System failed to opened in time: Fatal
1643541232.0452929: ubuntu: Incorrect permissions: Fatal
1624248280.6118145: vbox: incomplete information error: Warn
1627936903.1722174: root: kernel error: Critical
1629756601.4272153: root: executed with incorrect code: Warn
1618773913.5492568: syslog: kernel error: Debug
1641263117.698955: arty: Incorrect permissions: Debug
1628417398.7543428: root: kernel error: Fatal
1618415266.5698721: arty: failed to open: Info
1624136487.8567004: syslog: failed to open: Info
1633555492.3815196: vbox: Execution prevented by OS: Warn
1629328852.409553: syslog: opened without user code: Critical
1632666753.866931: wheel: Execution prevented by : Warn
1607955295.735718: ubuntu: System failed to opened in time: Critical
1607360232.2043316: arty: launched incorrectly: Info
1622331417.205541: arty: executed with incorrect code: Fatal
1626956157.792829: ubuntu: opened without user code: Critical
1611070271.1629767: ubuntu: executed with incorrect code: Info
1625211427.43205: ubuntu: kernel error: Info
1642993363.7814243: root: Download failed: Warn
1645774080.094303: syslog: Incorrect permissions: Critical
1614523138.5554438: wheel: Incorrect permissions: Debug
1618443018.267529: wheel: kernel error: Critical
1623404351.2253444: wheel: incomplete information error: Warn
1607633472.1068103: vbox: executed with incorrect code: Warn
1630674185.0780613: wheel: opened without user code: Info
1615818202.0333567: ubuntu: Download failed: Warn
1618116760.4166574: vbox: failed to open: Fatal
1632086577.4378943: root: Download failed: Critical
1621705390.2788668: syslog: launched incorrectly: Fatal
1636263458.389382: syslog: executed with incorrect code: Info
1626226786.0913253: syslog: Incorrect permissions: Warn
1617217348.5845838: wheel: executed with incorrect code: Critical
1615528674.8355: root: Download failed: Info
1636446480.6987877: wheel: incomplete information error: Critical
1631603068.1089163: ubuntu: kernel error: Warn
1623681984.4196393: wheel: launched incorrectly: Warn
1626046674.740259: ubuntu: Taking too long: Critical
1642859689.6974182: vbox: executed with incorrect code: Debug
1625579876.5740085: syslog: Download failed: Warn
1634583462.1923347: syslog: executed with incorrect code: Critical
1624276077.2364964: arty: kernel error: Info
1606856403.8447807: syslog: Execution prevented by OS: Warn
1645232274.6513054: wheel: launched incorrectly: Info
1611921913.749725: arty: opened without user code: Critical
1637426991.6812027: syslog: Taking too long: Info
1642832917.1932964: syslog: executed with incorrect code: Fatal
1621817315.507403: vbox: Incorrect permissions: Debug
1640815378.8493185: arty: System failed to opened in time: Debug
1630408110.8437285: root: failed to open: Warn
1627275401.6558533: vbox: launched incorrectly: Critical
1646384207.206261: syslog: kernel error: Fatal
1623004477.2813797: ubuntu: kernel error: Critical
1617183091.4934065: wheel: opened without user code: Info
1623932521.5890138: vbox: kernel error: Warn
1629553502.3305573: syslog: Incorrect permissions: Info
1640817342.2202127: ubuntu: Execution prevented by OS: Fatal
1617961279.442851: wheel: Execution prevented by : Fatal
1638464589.1248074: vbox: incomplete information error: Fatal
1626831050.836733: syslog: executed with incorrect code: Debug
1627332720.9047353: wheel: Download failed: Critical
1641992549.3111506: vbox: failed to open: Critical
1640607587.758352: syslog: executed with incorrect code: Fatal
1616773524.226031: ubuntu: opened without user code: Debug
1611664151.4121752: syslog: failed to open: Info
1632154520.2517993: wheel: launched incorrectly: Debug
1617507635.9119008: wheel: Execution prevented by OS: Warn
1628960354.4225407: root: Incorrect permissions: Critical
1627992782.8253846: root: Execution prevented by : Debug
1628846410.2731693: vbox: Incorrect permissions: Info
1635140479.9418159: ubuntu: System failed to opened in time: Fatal
1623839369.34748: arty: Taking too long: Info
1640983745.0924268: ubuntu: Taking too long: Info
1616513796.9206483: root: Taking too long: Critical
1612701753.3069344: wheel: System failed to opened in time: Critical
1621950499.6053994: vbox: kernel error: Info
1643597931.8369005: ubuntu: failed to open: Debug
1625333294.309614: ubuntu: launched incorrectly: Fatal
1609658141.5983765: ubuntu: Execution prevented by OS: Warn
1640180193.0718088: syslog: Execution prevented by : Info
1639868035.0557427: syslog: Incorrect permissions: Debug
1616253492.3990726: ubuntu: incomplete information error: Debug
1646198404.6858947: syslog: failed to open: Debug
1620354048.144603: arty: launched incorrectly: Fatal
1624718024.8547335: ubuntu: failed to open: Info
1622207497.392917: root: opened without user code: Debug
1622762036.661408: arty: executed with incorrect code: Info
1616362103.7612517: wheel: Execution prevented by : Warn
1636872735.0069048: arty: Taking too long: Fatal
1646187997.934127: vbox: Taking too long: Info
1620496374.1407173: root: Taking too long: Fatal
1608431375.9821606: root: opened without user code: Debug
1646123577.8056178: root: opened without user code: Warn
1632938655.539842: root: executed with incorrect code: Debug
1633781055.0021603: syslog: Taking too long: Fatal
1615169382.625528: root: failed to open: Info
1607895807.6974819: ubuntu: System failed to opened in time: Critical
1639981720.210014: root: Execution prevented by : Warn
1615325803.2031507: vbox: incomplete information error: Warn
1622583830.9617598: root: Taking too long: Warn
1625479906.723849: arty: failed to open: Warn
1633619267.9334702: root: Execution prevented by OS: Fatal
1635806479.7177477: syslog: Execution prevented by OS: Critical
1607571649.8373575: arty: Download failed: Debug
1610671990.7460477: root: kernel error: Info
1616886964.2094326: syslog: opened without user code: Critical
1618527580.7843084: syslog: Incorrect permissions: Fatal
