1629522704.0376852: root: failed to open: Info
1641596089.520565: root: Execution prevented by : Debug
1631158082.938606: root: Download failed: Warn
1621466640.392787: syslog: Incorrect permissions: Critical
1644508959.3207512: root: Download failed: Critical
1623750474.269535: arty: System failed to opened in time: Debug
1629575372.4202497: vbox: launched incorrectly: Info
1614203438.7881892: root: Incorrect permissions: Debug
1632933719.3942795: syslog: Taking too long: Warn
1612325211.359316: ubuntu: opened without user code: Fatal
1619364219.431641: wheel: Execution prevented by : Info
1630642028.6126564: root: Taking too long: Info
1609398671.846275: vbox: System failed to opened in time: Critical
1628741840.5464604: syslog: incomplete information error: Fatal
1639891413.6316788: root: Incorrect permissions: Warn
1622275017.6307862: arty: Download failed: Warn
1645960825.6827736: ubuntu: Download failed: Info
1623397610.2423513: root: System failed to opened in time: Fatal
1610428989.167952: arty: Execution prevented by : Fatal
1616927861.5547223: root: Incorrect permissions: Debug
1630981340.350596: wheel: Execution prevented by OS: Debug
1642461495.1666934: wheel: Taking too long: Info
1639597009.087271: ubuntu: failed to open: Warn
1633261018.71449: ubuntu: System failed to opened in time: Info
1642603044.9857965: wheel: incomplete information error: Info
1633977691.6013992: wheel: Execution prevented by OS: Info
1624127813.9229116: syslog: incomplete information error: Critical
1623527812.4440744: wheel: executed with incorrect code: Debug
1634110490.945706: syslog: failed to open: Debug
1619909449.2731576: ubuntu: Execution prevented by : Info
1643958239.712526: wheel: launched incorrectly: Info
1608183996.9853773: ubuntu: executed with incorrect code: Warn
1608653100.8264272: root: incomplete information error: Fatal
1636385112.006281: wheel: Execution prevented by OS: Critical
1639879082.3015845: vbox: executed with incorrect code: Fatal
1630268463.1662407: root: opened without user code: Debug
1623941042.6248536: vbox: opened without user code: Critical
1622338128.792516: ubuntu: Incorrect permissions: Critical
1636260944.7659466: root: kernel error: Critical
1637719532.4236066: root: Execution prevented by OS: Warn
1611932019.5550551: ubuntu: Taking too long: Warn
1634379712.0136893: ubuntu: Execution prevented by OS: Fatal
1620295485.9136164: ubuntu: System failed to opened in time: Debug
1628046993.2499738: root: Execution prevented by OS: Info
1619809067.8493123: ubuntu: opened without user code: Info
1613162770.7518685: vbox: failed to open: Critical
1639975905.6001961: arty: Download failed: Critical
1627004657.9867525: ubuntu: Execution prevented by OS: Warn
1642381764.2500556: wheel: incomplete information error: Critical
1623058652.50347: arty: kernel error: Warn
1627400402.2793822: wheel: Execution prevented by : Debug
1619662862.6832805: vbox: Taking too long: Debug
1626620173.847317: root: Execution prevented by OS: Critical
1626626921.6883535: syslog: Execution prevented by : Warn
1641408903.566858: root: Execution prevented by OS: Critical
1613666398.1279166: root: executed with incorrect code: Fatal
1634881518.0789351: root: failed to open: Fatal
1609830762.1528358: vbox: incomplete information error: Info
1608201565.9992604: ubuntu: Download failed: Warn
1643422532.3885894: root: opened without user code: Critical
1637453659.628626: wheel: Execution prevented by : Warn
1635819728.6486883: root: kernel error: Info
1640126129.7603924: wheel: kernel error: Debug
1609688199.1739545: arty: launched incorrectly: Debug
1637598400.8029838: wheel: Execution prevented by : Fatal
1631490434.7696104: syslog: Execution prevented by : Warn
1607353998.5542645: syslog: launched incorrectly: Info
1632451308.5976186: ubuntu: executed with incorrect code: Fatal
1615726197.3771708: arty: failed to open: Warn
1627685239.8205776: wheel: Execution prevented by : Warn
1633843084.2142367: arty: incomplete information error: Fatal
1615775903.535863: arty: Taking too long: Warn
1638975499.899666: root: Incorrect permissions: Critical
1641892965.6456518: syslog: opened without user code: Debug
1644274398.3278522: arty: executed with incorrect code: Warn
1628681602.2925625: ubuntu: launched incorrectly: Debug
1629436643.2342281: wheel: Incorrect permissions: Critical
1611537974.087927: vbox: failed to open: Debug
1619577469.3540285: arty: Execution prevented by OS: Info
1627214200.740324: wheel: Incorrect permissions: Warn
1611237560.0589855: vbox: Execution prevented by : Warn
1606952263.4461489: vbox: executed with incorrect code: Debug
1642412353.3697157: wheel: launched incorrectly: Fatal
1622980589.4706857: ubuntu: Taking too long: Critical
1610324141.5261023: vbox: incomplete information error: Info
1634216811.5751414: root: Execution prevented by OS: Fatal
1609508082.7846825: root: Incorrect permissions: Fatal
1626222678.61574: syslog: Execution prevented by : Info
1636968669.9400246: arty: System failed to opened in time: Fatal
1636978487.5011666: syslog: Execution prevented by : Warn
1625500157.912743: arty: Execution prevented by : Debug
1638708285.3017106: wheel: executed with incorrect code: Fatal
1643408215.6173537: root: Execution prevented by OS: Fatal
1636195122.4593596: root: executed with incorrect code: Info
1636183993.7543697: root: opened without user code: Fatal
1634544153.0378053: root: opened without user code: Debug
1631378180.8173163: arty: System failed to opened in time: Debug
1610445283.6711695: wheel: System failed to opened in time: Info
1640454534.0828998: arty: Taking too long: Fatal
1633893920.653849: ubuntu: launched incorrectly: Fatal
1617590373.4304433: wheel: failed to open: Debug
1610387965.2048852: root: executed with incorrect code: Fatal
1616932397.4258873: arty: executed with incorrect code: Warn
1617552868.8846319: wheel: Execution prevented by : Debug
1618774077.2933695: wheel: executed with incorrect code: Info
1629736925.2531352: root: Execution prevented by OS: Warn
1635831346.0637095: syslog: incomplete information error: Debug
1622107940.0559986: root: launched incorrectly: Debug
1628717963.4497824: syslog: opened without user code: Fatal
1626463674.0658789: ubuntu: failed to open: Warn
1617069294.0218801: wheel: failed to open: Fatal
1623062182.6952007: arty: opened without user code: Info
1638017724.5546014: root: Download failed: Fatal
1627858655.3959215: wheel: System failed to opened in time: Info
1639720586.683028: root: System failed to opened in time: Warn
1626488108.374961: arty: Execution prevented by OS: Warn
1637047912.5193563: wheel: kernel error: Fatal
1637799145.7104235: vbox: Execution prevented by : Fatal
1623802980.5053136: wheel: opened without user code: Debug
1607168259.784559: vbox: kernel error: Critical
1639797174.831437: root: Taking too long: Info
1630849544.060648: arty: Download failed: Warn
1625382633.9722364: root: kernel error: Warn
1617142039.2684689: wheel: Download failed: Warn
1612949378.5806036: ubuntu: Taking too long: Debug
1633303151.7135775: root: launched incorrectly: Critical
1624741380.898697: ubuntu: kernel error: Info
1611661813.815662: vbox: incomplete information error: Debug
1629053258.944002: syslog: launched incorrectly: Debug
1631202146.1018646: arty: incomplete information error: Debug
1643331124.6367724: vbox: failed to open: Info
1610199999.9938104: root: Taking too long: Critical
1639301222.8315678: root: Incorrect permissions: Debug
1646257422.0064917: wheel: kernel error: Info
1622946052.3556: wheel: executed with incorrect code: Info
1634630177.4776928: root: Incorrect permissions: Critical
1633307583.1148155: vbox: Incorrect permissions: Critical
1640142815.5357158: syslog: Taking too long: Info
1635798832.1231172: ubuntu: launched incorrectly: Fatal
1628268655.693825: wheel: Execution prevented by : Debug
1615269686.0377805: arty: Execution prevented by OS: Debug
1635817334.5529103: ubuntu: Execution prevented by OS: Warn
1637441042.0116448: wheel: executed with incorrect code: Warn
1639996514.6995087: wheel: Execution prevented by OS: Debug
1624141664.1523974: arty: Incorrect permissions: Fatal
1608054247.028006: root: Taking too long: Fatal
1615033940.820634: wheel: opened without user code: Warn
1636358680.3093045: ubuntu: System failed to opened in time: Fatal
1624415715.9325764: root: System failed to opened in time: Fatal
1609424187.4296649: syslog: opened without user code: Debug
1635385799.174476: ubuntu: Taking too long: Warn
1619479933.6980104: root: Taking too long: Info
1619779151.070624: vbox: executed with incorrect code: Fatal
1625108554.6296813: vbox: System failed to opened in time: Info
1639031680.8878036: ubuntu: opened without user code: Info
1642713568.989506: root: incomplete information error: Fatal
1617105950.614637: arty: Download failed: Warn
1627963563.3056414: ubuntu: launched incorrectly: Debug
1620059069.8253608: vbox: opened without user code: Critical
1640229791.4496856: syslog: incomplete information error: Fatal
1609032697.8572729: wheel: Execution prevented by : Critical
1624671293.9513416: ubuntu: Execution prevented by OS: Fatal
1619958684.3423994: arty: Execution prevented by : Warn
1613950581.675806: vbox: System failed to opened in time: Info
1620217991.1426263: root: launched incorrectly: Warn
1643196700.034961: syslog: Taking too long: Info
1611419686.1472049: ubuntu: System failed to opened in time: Info
1631378463.8953202: root: Incorrect permissions: Fatal
1622447866.5572674: ubuntu: Execution prevented by OS: Warn
1635144949.084793: root: executed with incorrect code: Info
1617375242.268246: ubuntu: kernel error: Warn
1641821489.4348683: root: opened without user code: Critical
1617745108.8574843: arty: Taking too long: Info
1634485639.5498538: vbox: Incorrect permissions: Debug
1615355326.1124115: arty: Execution prevented by OS: Fatal
1624373668.634396: vbox: opened without user code: Info
1608497533.254631: wheel: executed with incorrect code: Warn
1621835889.6605382: vbox: Incorrect permissions: Info
1629370805.690443: vbox: Taking too long: Info
1644977599.3644855: arty: Execution prevented by : Critical
1637280684.3516738: vbox: System failed to opened in time: Info
1624536074.0259755: syslog: Taking too long: Debug
1625201473.6743667: wheel: Incorrect permissions: Critical
1636910362.4318206: ubuntu: kernel error: Critical
1607172141.5859995: root: incomplete information error: Info
1639925429.3210943: vbox: executed with incorrect code: Debug
1630903182.5940425: wheel: failed to open: Fatal
1634410447.7888281: wheel: Execution prevented by : Fatal
1611637962.4459589: wheel: failed to open: Fatal
1616353313.50556: vbox: Download failed: Info
1638721357.1108153: ubuntu: failed to open: Info
1623007338.554818: syslog: kernel error: Fatal
1645474367.630987: ubuntu: failed to open: Critical
1635592484.0356376: syslog: Execution prevented by OS: Info
1636250880.4388704: wheel: failed to open: Debug
1617563964.9582646: arty: launched incorrectly: Critical
1626156108.4411314: ubuntu: kernel error: Fatal
1612121827.9913847: arty: kernel error: Fatal
1630694360.101906: wheel: failed to open: Info
1626707610.2790244: root: Execution prevented by OS: Fatal
