1627348401.0524244: syslog: failed to open: Debug
1621235094.2364085: syslog: Taking too long: Info
1635903669.4562047: wheel: launched incorrectly: Debug
1644024014.9095771: ubuntu: Incorrect permissions: Info
1632353685.3263235: ubuntu: incomplete information error: Critical
1616373531.3086908: syslog: launched incorrectly: Warn
1636929175.1996174: wheel: opened without user code: Debug
1639515859.3226144: arty: opened without user code: Debug
1612970701.7499557: wheel: launched incorrectly: Debug
1638513945.1600146: wheel: failed to open: Warn
1641003869.8158844: vbox: launched incorrectly: Debug
1630339501.7977986: root: System failed to opened in time: Info
1625656151.7988586: arty: opened without user code: Info
1611549300.516287: syslog: incomplete information error: Warn
1640171826.7589734: ubuntu: opened without user code: Debug
1640139071.4264076: vbox: failed to open: Info
1637189623.0601764: syslog: opened without user code: Debug
1645220992.4015675: root: kernel error: Fatal
1628599183.3599315: root: executed with incorrect code: Warn
1619201614.0984328: wheel: Incorrect permissions: Critical
1624926924.8456676: arty: launched incorrectly: Fatal
1643789067.758086: syslog: Taking too long: Info
1638918196.482474: arty: Incorrect permissions: Info
1616745725.6441612: ubuntu: opened without user code: Critical
1615350813.3002188: root: Execution prevented by OS: Info
1633638099.6482162: wheel: executed with incorrect code: Fatal
1617587992.260662: arty: incomplete information error: Critical
1643148265.38871: ubuntu: System failed to opened in time: Fatal
1625461634.16134: wheel: opened without user code: Info
1608597897.683154: ubuntu: incomplete information error: Critical
1611723745.1193445: ubuntu: Execution prevented by OS: Info
1617187371.486905: syslog: Taking too long: Critical
1626470493.662703: root: Execution prevented by OS: Info
1609920322.1452684: syslog: System failed to opened in time: Debug
1637653205.829254: arty: failed to open: Debug
1642093202.476045: syslog: Execution prevented by : Debug
1634770316.4077384: wheel: Taking too long: Warn
1615173891.554909: root: Taking too long: Warn
1623912907.6143353: ubuntu: System failed to opened in time: Fatal
1625127665.8483338: wheel: executed with incorrect code: Debug
1627358259.54576: ubuntu: kernel error: Warn
1623145888.6402123: arty: failed to open: Debug
1626580205.586513: syslog: kernel error: Info
1608757577.8425884: wheel: kernel error: Debug
1627015663.0123215: ubuntu: incomplete information error: Info
1624322511.3915408: vbox: launched incorrectly: Debug
1629398201.8770537: wheel: failed to open: Fatal
1625316963.2824209: root: opened without user code: Warn
1642882336.4633934: arty: kernel error: Debug
1628384723.5347133: syslog: Incorrect permissions: Debug
1640645556.1196399: root: Taking too long: Critical
1618623802.976832: vbox: Incorrect permissions: Debug
1641400797.7917411: ubuntu: incomplete information error: Fatal
1623032782.7426233: syslog: Download failed: Info
1625506358.2438798: wheel: launched incorrectly: Critical
1611615518.5966413: root: Taking too long: Critical
1612986028.348231: vbox: Taking too long: Warn
1616858931.3036556: wheel: failed to open: Info
1632197003.8241422: syslog: incomplete information error: Fatal
1610225654.6104226: wheel: opened without user code: Debug
1623305046.890335: ubuntu: opened without user code: Warn
1634711001.6126282: root: Execution prevented by OS: Fatal
1627819800.4259088: vbox: Execution prevented by : Critical
1622254830.9954531: vbox: opened without user code: Fatal
1632488882.8961518: ubuntu: System failed to opened in time: Info
1626033984.3804183: arty: Download failed: Critical
1643636793.8748734: root: incomplete information error: Debug
1607835760.002151: ubuntu: Taking too long: Warn
1643217618.0721712: vbox: Execution prevented by OS: Critical
1609692353.6837046: arty: opened without user code: Fatal
1633675982.6524084: root: opened without user code: Fatal
1610690091.2620964: root: Download failed: Critical
1634456970.412576: syslog: launched incorrectly: Warn
1620245604.1760364: vbox: executed with incorrect code: Warn
1635653324.9560416: wheel: Execution prevented by OS: Warn
1611256668.9438615: root: System failed to opened in time: Warn
1608262480.2085829: root: executed with incorrect code: Critical
1625904232.3070793: root: System failed to opened in time: Fatal
1636446197.1290374: syslog: failed to open: Info
1621988753.605362: wheel: failed to open: Debug
1637840076.8000958: ubuntu: launched incorrectly: Warn
1633596169.3187158: arty: incomplete information error: Debug
1642436791.552641: wheel: failed to open: Fatal
1614540951.2875154: vbox: opened without user code: Critical
1634697906.0127227: ubuntu: failed to open: Critical
1635757965.0096073: root: Download failed: Fatal
1607713820.6279566: arty: executed with incorrect code: Fatal
1618074785.1975472: ubuntu: executed with incorrect code: Critical
1636194883.4008417: vbox: Execution prevented by OS: Fatal
1622603761.9213254: syslog: Taking too long: Fatal
1625376885.307194: arty: Execution prevented by : Warn
1626842440.0505168: arty: Taking too long: Critical
1630175040.1284091: ubuntu: opened without user code: Warn
1620434546.5095065: arty: launched incorrectly: Critical
1633945828.3507402: arty: System failed to opened in time: Info
1635093810.1422155: syslog: incomplete information error: Critical
1620847734.4551332: wheel: Taking too long: Fatal
1641288410.5364428: arty: System failed to opened in time: Warn
1633089252.388072: syslog: Incorrect permissions: Warn
1612481300.7331963: arty: System failed to opened in time: Fatal
1616364620.4671886: root: Incorrect permissions: Warn
1617204869.5383472: ubuntu: Execution prevented by : Warn
1635450748.9689405: root: Execution prevented by : Critical
1634166589.7199793: syslog: Incorrect permissions: Info
1614694106.0919182: arty: launched incorrectly: Critical
1611855899.782784: vbox: failed to open: Info
1641188914.4455366: ubuntu: Download failed: Info
1610574283.985398: arty: Taking too long: Warn
1617662509.2419958: vbox: Execution prevented by : Fatal
1644267335.5204182: ubuntu: kernel error: Info
1622061036.5734787: ubuntu: Taking too long: Debug
1644520812.1196766: ubuntu: Download failed: Critical
1608079658.064465: ubuntu: opened without user code: Fatal
1639959228.8291795: ubuntu: Execution prevented by OS: Info
1627962183.855694: vbox: executed with incorrect code: Warn
1629618214.9675457: vbox: incomplete information error: Warn
1642780872.119642: root: failed to open: Critical
1645216210.7249558: syslog: Download failed: Warn
1623985510.5599916: syslog: failed to open: Debug
1625072171.1807983: vbox: launched incorrectly: Warn
1632558851.1817973: wheel: launched incorrectly: Fatal
1629222815.8549042: root: opened without user code: Warn
1620323548.3548899: root: System failed to opened in time: Critical
1635326022.2631445: syslog: Incorrect permissions: Critical
1630987017.9000726: ubuntu: launched incorrectly: Critical
1610521232.4111686: syslog: Taking too long: Debug
1638104810.1932821: arty: launched incorrectly: Critical
1617946469.8601022: ubuntu: System failed to opened in time: Critical
1621078354.3624797: arty: incomplete information error: Debug
1636360752.9743066: syslog: launched incorrectly: Info
1615320922.2725143: syslog: Incorrect permissions: Critical
1642810745.9984353: syslog: opened without user code: Debug
1621073091.7642686: root: System failed to opened in time: Warn
1621768225.5124474: ubuntu: Execution prevented by : Debug
1644774369.6013837: syslog: System failed to opened in time: Critical
1637012774.705819: ubuntu: Incorrect permissions: Info
1638017907.7070441: arty: incomplete information error: Warn
1609143606.246978: wheel: Execution prevented by OS: Info
1630435920.0686958: root: Execution prevented by OS: Fatal
1634556844.9626296: wheel: executed with incorrect code: Fatal
1616693701.8373299: ubuntu: System failed to opened in time: Warn
1620039631.962467: root: System failed to opened in time: Critical
1643727326.923648: root: executed with incorrect code: Critical
1614740311.3249419: ubuntu: Execution prevented by : Debug
1642282493.5471902: ubuntu: incomplete information error: Info
1610610429.6764061: syslog: launched incorrectly: Fatal
1643767714.2021856: syslog: incomplete information error: Debug
1631934145.741186: ubuntu: opened without user code: Fatal
1643364811.6898813: vbox: Download failed: Info
1615680440.4341137: syslog: incomplete information error: Info
1615399439.6117022: arty: executed with incorrect code: Warn
1635271392.3075: arty: incomplete information error: Critical
1627105192.421858: ubuntu: System failed to opened in time: Warn
1613701600.3556013: syslog: Execution prevented by : Debug
1625860305.0244517: vbox: Execution prevented by : Info
1623843363.027573: arty: Incorrect permissions: Warn
1639721534.3811922: arty: failed to open: Info
1645789812.853651: arty: failed to open: Fatal
1628320463.5866973: ubuntu: kernel error: Debug
1645174189.8449728: wheel: executed with incorrect code: Info
1607568257.7496686: vbox: launched incorrectly: Fatal
1640869012.6911674: arty: System failed to opened in time: Critical
1636131494.4838784: syslog: Incorrect permissions: Fatal
1628947380.4538937: ubuntu: failed to open: Debug
1628148611.7282455: syslog: System failed to opened in time: Critical
1646067990.3541126: ubuntu: Download failed: Fatal
1643283818.7324116: vbox: executed with incorrect code: Info
1607247568.151753: syslog: opened without user code: Debug
1640162315.0366538: root: opened without user code: Info
1640582040.460501: ubuntu: System failed to opened in time: Warn
1632125290.3983421: syslog: Execution prevented by : Critical
1612529111.949071: vbox: failed to open: Critical
1628792100.5927455: vbox: incomplete information error: Debug
1625657788.7155344: ubuntu: Execution prevented by : Warn
1644484106.7815294: ubuntu: Taking too long: Fatal
1613812854.4722567: wheel: Download failed: Debug
1628963578.8140056: syslog: System failed to opened in time: Debug
1626767079.971891: wheel: executed with incorrect code: Info
1621450564.4062805: wheel: executed with incorrect code: Critical
1620841443.053695: vbox: System failed to opened in time: Warn
1644381388.569098: ubuntu: failed to open: Info
1620069450.8709278: vbox: System failed to opened in time: Debug
1626299735.9832938: root: executed with incorrect code: Critical
1640243993.9670868: root: Incorrect permissions: Fatal
1614790338.1042206: vbox: Incorrect permissions: Warn
1625221723.9198065: arty: failed to open: Critical
1615402917.4714181: ubuntu: Execution prevented by : Fatal
1633253167.9694424: wheel: opened without user code: Info
1607625814.8521166: arty: Execution prevented by : Info
1620706745.8057334: root: incomplete information error: Warn
1612270732.9209042: wheel: incomplete information error: Debug
1622341197.6768131: ubuntu: kernel error: Info
1613242723.1335971: wheel: opened without user code: Warn
1643426450.9951084: syslog: Execution prevented by OS: Fatal
1613257058.9248304: arty: failed to open: Info
1611772267.1257193: arty: opened without user code: Debug
1619454115.6902425: vbox: executed with incorrect code: Fatal
1632525240.2091033: wheel: Download failed: Debug
1626562245.6398313: wheel: incomplete information error: Debug
1629727692.8038628: syslog: Download failed: Critical
