1614802889.8900619: root: Incorrect permissions: Warn
1611134627.3661702: ubuntu: incomplete information error: Warn
1617380887.9388676: wheel: kernel error: Debug
1629858485.213778: syslog: incomplete information error: Info
1608946116.6535454: wheel: System failed to opened in time: Info
1618911283.2212021: syslog: kernel error: Critical
1619116792.286222: root: System failed to opened in time: Info
1638759874.7752442: arty: executed with incorrect code: Warn
1609877735.6144392: arty: Execution prevented by : Info
1627519792.468043: vbox: Execution prevented by OS: Warn
1616876472.9893332: root: launched incorrectly: Info
1631521589.0177848: vbox: System failed to opened in time: Fatal
1626345227.0988047: arty: Taking too long: Info
1641522793.1726112: ubuntu: launched incorrectly: Fatal
1635913197.4416754: vbox: System failed to opened in time: Warn
1609379886.238659: root: kernel error: Info
1617274803.344152: vbox: Taking too long: Fatal
1632889438.7355127: root: kernel error: Warn
1612275409.5564458: wheel: incomplete information error: Fatal
1608127166.6858938: ubuntu: Execution prevented by : Info
1617857632.71121: vbox: opened without user code: Fatal
1616912800.7463493: wheel: opened without user code: Fatal
1619863938.720034: syslog: incomplete information error: Fatal
1618244582.9976041: syslog: System failed to opened in time: Fatal
1636282616.672938: root: kernel error: Info
1621676880.8715894: syslog: System failed to opened in time: Info
1646306607.4834902: arty: Incorrect permissions: Debug
1626369229.2531698: syslog: Execution prevented by : Debug
1623987054.0970721: arty: Execution prevented by : Debug
1636712239.4788291: syslog: executed with incorrect code: Warn
1619798549.1940978: ubuntu: launched incorrectly: Warn
1633084634.101232: syslog: failed to open: Warn
1615141352.2290795: arty: kernel error: Warn
1631504568.6293702: syslog: opened without user code: Critical
1628001381.9461195: root: System failed to opened in time: Debug
1646066924.5963948: root: Download failed: Fatal
1634892806.8070297: syslog: Execution prevented by : Critical
1645277527.1176267: arty: kernel error: Critical
1631086358.8459723: ubuntu: System failed to opened in time: Critical
1614833997.5526247: wheel: Download failed: Fatal
1633177403.3212028: root: kernel error: Critical
1627209485.9101267: syslog: Download failed: Fatal
1633203122.3419743: syslog: Taking too long: Fatal
1634706496.550434: ubuntu: Download failed: Info
1623750149.8639555: ubuntu: launched incorrectly: Fatal
1643213833.264802: ubuntu: launched incorrectly: Info
1612337285.0055938: vbox: executed with incorrect code: Critical
1627706880.6037986: ubuntu: executed with incorrect code: Critical
1617062307.8223188: wheel: Execution prevented by OS: Debug
1633280284.4405208: ubuntu: Execution prevented by : Warn
1645106401.382218: vbox: Incorrect permissions: Debug
1645273463.3959312: root: Download failed: Warn
1610261677.7425137: root: Incorrect permissions: Warn
1623228290.241864: syslog: kernel error: Critical
1633085864.2769396: vbox: Incorrect permissions: Info
1607592982.9080536: wheel: executed with incorrect code: Fatal
1631593394.0369534: vbox: executed with incorrect code: Debug
1634700114.4853406: root: incomplete information error: Fatal
1632000901.8180048: ubuntu: incomplete information error: Critical
1617958661.9762592: syslog: incomplete information error: Info
1614295913.8930519: arty: System failed to opened in time: Critical
1609039795.6933308: root: opened without user code: Critical
1612331345.1362388: ubuntu: incomplete information error: Fatal
1624153633.5691772: vbox: launched incorrectly: Fatal
1642260742.7287974: ubuntu: launched incorrectly: Critical
1609475006.954527: syslog: Execution prevented by OS: Critical
1636481485.7752993: syslog: launched incorrectly: Warn
1629213206.373269: arty: incomplete information error: Debug
1622751518.813508: arty: launched incorrectly: Info
1616106629.8653164: ubuntu: Execution prevented by : Critical
1639137775.4621058: ubuntu: failed to open: Warn
1626453895.0939696: ubuntu: executed with incorrect code: Info
1636280063.7741199: vbox: opened without user code: Debug
1618249659.7883234: syslog: Taking too long: Debug
1614185738.107998: syslog: Incorrect permissions: Warn
1615215909.184815: wheel: incomplete information error: Info
1638247940.2522297: syslog: failed to open: Debug
1632232681.6285834: wheel: incomplete information error: Warn
1628106172.2809286: ubuntu: opened without user code: Debug
1618355587.5962408: vbox: kernel error: Fatal
1640475367.1278658: vbox: kernel error: Debug
1607723604.3252597: ubuntu: incomplete information error: Debug
1617417100.0948987: ubuntu: System failed to opened in time: Critical
1635035284.3426564: root: Execution prevented by OS: Critical
1621855728.444891: vbox: System failed to opened in time: Debug
1637185728.166717: vbox: Execution prevented by : Info
1646153189.8819478: wheel: executed with incorrect code: Debug
1643071662.2893286: syslog: Execution prevented by OS: Info
1639906838.9140384: ubuntu: launched incorrectly: Warn
1613400323.6827996: wheel: Taking too long: Warn
1614841805.775658: vbox: Execution prevented by OS: Fatal
1620244267.2307308: wheel: kernel error: Critical
1618600171.2358396: syslog: Taking too long: Info
1629870760.4499338: syslog: Taking too long: Warn
1633764028.8475697: arty: incomplete information error: Debug
1609952130.114416: root: failed to open: Fatal
1640574112.4103956: wheel: kernel error: Debug
1642368185.8774874: ubuntu: kernel error: Critical
1631787472.9945612: vbox: incomplete information error: Debug
1607692850.1226373: vbox: System failed to opened in time: Warn
1620853243.3278215: wheel: launched incorrectly: Debug
1629368205.8601713: syslog: Incorrect permissions: Fatal
1623751004.2799287: syslog: Execution prevented by OS: Info
1612051063.1980197: ubuntu: Execution prevented by OS: Critical
1612191518.3506315: ubuntu: executed with incorrect code: Info
1645985328.8589184: wheel: Execution prevented by : Info
1630172109.450201: wheel: incomplete information error: Critical
1618550771.769188: syslog: opened without user code: Info
1634282017.7276495: arty: incomplete information error: Critical
1632045520.2186358: vbox: launched incorrectly: Debug
1627238699.1689012: arty: Download failed: Warn
1614874819.1900945: root: Incorrect permissions: Warn
1609945400.5166743: wheel: Incorrect permissions: Critical
1628664831.1746: root: Execution prevented by : Warn
1620510611.9891098: arty: System failed to opened in time: Fatal
1631710768.3731964: wheel: Taking too long: Debug
1612668980.6067939: vbox: Incorrect permissions: Fatal
1609437407.1993337: syslog: Execution prevented by : Info
1624382093.413758: syslog: incomplete information error: Debug
1630828187.2593822: ubuntu: failed to open: Warn
1618736584.935264: arty: Execution prevented by OS: Warn
1621788848.9480412: arty: System failed to opened in time: Debug
1610090016.708365: ubuntu: Taking too long: Critical
1622777709.5741088: ubuntu: kernel error: Debug
1610412004.204282: vbox: Download failed: Info
1630949484.7184112: root: executed with incorrect code: Critical
1612757787.202799: wheel: Download failed: Warn
1609563998.8819485: vbox: Incorrect permissions: Fatal
1608507619.4120808: wheel: failed to open: Info
1629338069.2708256: syslog: Download failed: Debug
1638654084.3328738: syslog: System failed to opened in time: Critical
1630364694.2902076: ubuntu: kernel error: Warn
1633237164.303122: vbox: Download failed: Warn
1616636386.4364305: vbox: Execution prevented by OS: Debug
1643336136.1939836: syslog: Execution prevented by : Critical
1637563231.168795: wheel: failed to open: Fatal
1628418609.2049: root: Incorrect permissions: Warn
1633154557.8894649: arty: System failed to opened in time: Critical
1637928626.664767: syslog: Incorrect permissions: Info
1631146528.1841106: root: Download failed: Fatal
1607726984.873534: arty: Download failed: Debug
1642678858.2655132: root: Execution prevented by OS: Info
1617794245.0027134: ubuntu: kernel error: Critical
1612591333.3740835: ubuntu: failed to open: Fatal
1619733468.3860884: wheel: opened without user code: Critical
1614294840.7252376: wheel: System failed to opened in time: Debug
1645000921.9872937: syslog: Download failed: Critical
1635196414.7224267: arty: Incorrect permissions: Debug
1618233516.0783043: syslog: Download failed: Debug
1618943860.2424173: syslog: System failed to opened in time: Debug
1616407946.135414: syslog: Download failed: Fatal
1645205761.8506286: syslog: Taking too long: Critical
1622950377.2338195: arty: launched incorrectly: Warn
1637333883.1827216: root: Incorrect permissions: Info
1638098551.3866713: ubuntu: Incorrect permissions: Critical
1612273855.6550055: arty: kernel error: Debug
1636154791.812842: vbox: kernel error: Warn
1638458760.5009: root: Download failed: Warn
1631077543.5501347: root: Execution prevented by OS: Critical
1626284880.7628274: vbox: executed with incorrect code: Debug
1645648372.7898064: syslog: Taking too long: Info
1633057092.100713: wheel: incomplete information error: Warn
1631586926.108549: syslog: Execution prevented by OS: Info
1623160788.1419036: ubuntu: executed with incorrect code: Debug
1643564349.7063417: root: System failed to opened in time: Critical
1645466334.4384134: wheel: Taking too long: Info
1615427950.5477188: syslog: kernel error: Critical
1637104897.020849: syslog: Execution prevented by : Debug
1633037833.4832397: wheel: System failed to opened in time: Debug
1642652662.9942052: vbox: executed with incorrect code: Info
1622143279.1456535: syslog: incomplete information error: Warn
1646123383.9499192: root: failed to open: Fatal
1616190731.1812131: ubuntu: Execution prevented by OS: Info
1624978870.01711: vbox: opened without user code: Fatal
1618813878.7951288: ubuntu: executed with incorrect code: Fatal
1643847731.6908956: vbox: launched incorrectly: Critical
1618747624.183273: wheel: failed to open: Warn
1642213195.840791: wheel: Execution prevented by : Fatal
1629637157.2481995: vbox: Incorrect permissions: Critical
1630850243.864971: wheel: incomplete information error: Info
1627894744.9694693: syslog: incomplete information error: Warn
1632994789.7159352: root: Download failed: Fatal
1643454890.033408: syslog: incomplete information error: Warn
1642080108.1348953: syslog: kernel error: Fatal
1620864268.8540382: wheel: System failed to opened in time: Warn
1625977779.4563165: arty: executed with incorrect code: Fatal
1633354344.6162016: root: Download failed: Critical
1617294613.3022032: wheel: Execution prevented by OS: Warn
1611468865.0482519: wheel: failed to open: Debug
1634970634.6837535: arty: incomplete information error: Debug
1628084983.184802: ubuntu: launched incorrectly: Fatal
1614853280.722693: ubuntu: Incorrect permissions: Warn
1641631633.8364136: vbox: Execution prevented by OS: Info
1618232232.074367: vbox: Incorrect permissions: Debug
1623418744.9056675: vbox: opened without user code: Info
1621268531.8185241: root: Execution prevented by : Info
1615098843.3557465: arty: opened without user code: Warn
1612608226.287885: syslog: opened without user code: Warn
1615923447.2471092: ubuntu: Download failed: Critical
1635813488.3754728: syslog: Download failed: Info
